Arguments: 
  C:\Program Files\nodejs\node.exe C:\Users\BawAppie\AppData\Roaming\npm\node_modules\yarn\bin\yarn.js publish

PATH: 
  C:\Program Files\Git\bin;C:\Python310\Scripts\;C:\Python310\;C:\Program Files\Common Files\Oracle\Java\javapath;C:\Program Files (x86)\Common Files\Oracle\Java\javapath;C:\WINDOWS\system32;C:\WINDOWS;C:\WINDOWS\System32\Wbem;C:\WINDOWS\System32\WindowsPowerShell\v1.0\;C:\WINDOWS\System32\OpenSSH\;C:\Program Files\Bandizip\;C:\Program Files\nodejs\;C:\Program Files\Java\jdk-11.0.15.1\bin;C:\ProgramData\chocolatey\bin;C:\flutter\bin;C:\Program Files\Git\cmd;C:\Program Files (x86)\Windows Kits\10\Windows Performance Toolkit\;C:\OpenSSL\bin;C:\Program Files\Go\bin;C:\Program Files\dotnet\;C:\Program Files\Sublime Text\;;C:\Program Files (x86)\NVIDIA Corporation\PhysX\Common;C:\Program Files\NVIDIA Corporation\NVIDIA NvDLISR;C:\php;C:\ProgramData\ComposerSetup\bin;C:\Program Files\Cloudflare\Cloudflare WARP\;C:\Users\BawAppie\AppData\Local\Microsoft\WindowsApps;C:\Users\BawAppie\AppData\Roaming\npm;C:\tools\dart-sdk\bin;C:\Users\BawAppie\AppData\Roaming\Pub\Cache\bin;C:\Users\BawAppie\go\bin;C:\Users\BawAppie\AppData\Local\Programs\Fiddler;C:\Users\BawAppie\.dotnet\tools;C:\Users\BawAppie\AppData\Local\JetBrains\Toolbox\scripts;C:\Users\BawAppie\AppData\Roaming\Composer\vendor\bin;C:\Users\BawAppie\AppData\Local\gitkraken\bin

Yarn version: 
  1.22.19

Node version: 
  16.15.1

Platform: 
  win32 x64

Trace: 
  Error: canceled
      at Interface.<anonymous> (C:\Users\BawAppie\AppData\Roaming\npm\node_modules\yarn\lib\cli.js:137150:13)
      at Interface.emit (node:events:527:28)
      at Interface._ttyWrite (node:readline:1081:16)
      at ReadStream.onkeypress (node:readline:288:10)
      at ReadStream.emit (node:events:527:28)
      at emitKeys (node:internal/readline/utils:358:14)
      at emitKeys.next (<anonymous>)
      at ReadStream.onData (node:internal/readline/emitKeypressEvents:61:36)
      at ReadStream.emit (node:events:527:28)
      at addChunk (node:internal/streams/readable:315:12)

npm manifest: 
  {
    "name": "vite-plugin-vue-pug-indent-fix",
    "version": "1.0.0",
    "description": "Fix Vue3 Pug Indent Issue",
    "main": "index.js",
    "license": "MIT",
    "repository": {
      "url": "https://github.com/Baw-Appie/vite-plugin-vue-pug-indent-fix.git"
    }
  }

yarn manifest: 
  No manifest

Lockfile: 
  No lockfile
